<?xml version="1.0" encoding="UTF-8"?>
<!-- Generated by org.testng.reporters.JUnitReportReporter -->
<testsuite hostname="ARUNKARTHIKEYAN" name="test.Testsample" tests="1" failures="0" timestamp="14 May 2017 07:05:29 GMT" time="25.484" errors="0">
  <testcase name="one" time="25.484" classname="test.Testsample"/>
</testsuite> <!-- test.Testsample -->
