<?xml version="1.0" encoding="UTF-8"?>
<!-- Generated by org.testng.reporters.JUnitReportReporter -->
<testsuite hostname="ARUNKARTHIKEYAN" name="com.testproject.suiteB.ApplyLeave" tests="1" failures="0" timestamp="14 May 2017 05:19:35 GMT" time="0.002" errors="1">
  <testcase name="LeaveRequest" time="0.002" classname="com.testproject.suiteB.ApplyLeave"/>
</testsuite> <!-- com.testproject.suiteB.ApplyLeave -->
